SF:src/TulipaClustering.jl
LH:0
LF:0
end_of_record
SF:src/cluster.jl
DA:33,11
DA:35,21
DA:36,1
DA:38,11
DA:39,9
DA:41,1
DA:42,2
DA:43,1
DA:109,16
DA:111,8
DA:113,8
DA:116,1
DA:119,7
DA:120,7
DA:122,7
DA:123,7
DA:125,8
DA:167,16
DA:168,16
DA:169,70
DA:170,2
DA:172,16
DA:173,1
DA:180,26
DA:181,130
DA:182,13
DA:196,12
DA:197,12
DA:198,12
DA:199,12
DA:200,12
DA:202,12
DA:213,12
DA:219,12
DA:220,3
DA:221,3
DA:222,9
DA:223,2
DA:224,2
DA:225,2
DA:226,2
DA:228,7
DA:229,7
DA:231,12
DA:268,12
DA:269,12
DA:270,12
DA:271,12
DA:272,12
DA:308,11
DA:309,11
DA:310,11
DA:311,11
DA:312,11
DA:313,11
DA:314,11
DA:316,11
DA:361,14
DA:368,7
DA:369,7
DA:370,7
DA:371,7
DA:401,24
DA:411,12
DA:412,12
DA:413,12
DA:414,12
DA:415,12
DA:421,21
DA:429,12
DA:430,7
DA:431,7
DA:433,5
DA:439,12
DA:445,12
DA:447,8
DA:450,8
DA:451,8
DA:452,4
DA:455,3
DA:456,3
DA:459,3
DA:460,3
DA:462,1
DA:466,22
DA:467,221
DA:468,431
DA:473,11
DA:476,11
DA:477,7
DA:478,7
DA:487,11
LH:92
LF:92
end_of_record
SF:src/io.jl
DA:10,1
DA:11,1
DA:12,1
DA:13,1
DA:14,2
DA:15,1
DA:24,1
DA:28,1
DA:30,2
DA:36,1
DA:37,2
DA:38,3
DA:39,2
DA:40,1
DA:45,1
LH:15
LF:15
end_of_record
SF:src/structures.jl
DA:11,12
DA:12,12
DA:26,11
DA:27,11
DA:30,0
DA:31,0
LH:4
LF:6
end_of_record
SF:src/weight_fitting.jl
DA:12,890
DA:14,890
DA:15,1
DA:18,889
DA:19,889
DA:20,889
DA:22,889
DA:23,7669
DA:24,4863
DA:25,4863
DA:26,4653
DA:28,210
DA:29,210
DA:30,210
DA:33,8558
DA:35,1568
DA:36,990
DA:37,96
DA:38,96
DA:40,1200
DA:42,1655
DA:43,1655
DA:44,1655
DA:45,3310
DA:46,7615
DA:47,2258
DA:48,2258
DA:49,2258
DA:51,13575
DA:52,1655
DA:53,889
DA:55,766
DA:56,766
DA:59,889
DA:68,141
DA:69,141
DA:79,3
DA:80,9
DA:81,6
DA:82,3
DA:83,3
DA:110,418
DA:121,209
DA:123,209
DA:124,2
DA:127,418
DA:128,819
DA:129,819
DA:130,4
DA:131,4
DA:133,817
DA:135,819
DA:136,819
DA:137,819
DA:138,819
DA:139,819
DA:140,65
DA:142,754
DA:143,209
DA:173,10
DA:183,5
DA:184,0
DA:185,5
DA:186,1
DA:187,4
DA:188,1
DA:189,3
DA:194,2
DA:195,2
DA:196,2
DA:198,1
DA:201,4
DA:202,4
DA:204,4
DA:206,4
DA:207,1
DA:208,1
DA:210,3
DA:213,7
DA:215,208
DA:216,1025
DA:217,208
DA:218,208
DA:219,104
DA:221,104
DA:223,208
DA:224,416
DA:225,364
DA:230,156
DA:231,260
DA:232,62
DA:235,208
DA:236,104
DA:238,208
DA:239,208
DA:241,208
DA:242,208
DA:243,4
DA:270,8
DA:276,4
LH:99
LF:100
end_of_record
